0 info it worked if it ends with ok
1 verbose cli [ 'node', '/usr/local/bin/npm', 'install', '--save', 'underscore' ]
2 info using npm@2.12.1
3 info using node@v0.12.6
4 verbose node symlink /usr/local/bin/node
5 verbose install initial load of /Users/katiegaudin/Documents/Fundamentals/projectOne/package.json
6 verbose stack Error: Failed to parse json
6 verbose stack Unexpected token 's' at 8:6
6 verbose stack     "start": "node server.js"
6 verbose stack      ^
6 verbose stack     at parseError (/usr/local/lib/node_modules/npm/node_modules/read-package-json/read-json.js:379:11)
6 verbose stack     at parseJson (/usr/local/lib/node_modules/npm/node_modules/read-package-json/read-json.js:68:23)
6 verbose stack     at /usr/local/lib/node_modules/npm/node_modules/read-package-json/read-json.js:48:5
6 verbose stack     at evalmachine.<anonymous>:334:14
6 verbose stack     at /usr/local/lib/node_modules/npm/node_modules/graceful-fs/graceful-fs.js:102:5
6 verbose stack     at FSReqWrap.oncomplete (evalmachine.<anonymous>:95:15)
7 verbose cwd /Users/katiegaudin/Documents/Fundamentals/projectOne
8 error Darwin 14.4.0
9 error argv "node" "/usr/local/bin/npm" "install" "--save" "underscore"
10 error node v0.12.6
11 error npm  v2.12.1
12 error file /Users/katiegaudin/Documents/Fundamentals/projectOne/package.json
13 error code EJSONPARSE
14 error Failed to parse json
14 error Unexpected token 's' at 8:6
14 error     "start": "node server.js"
14 error      ^
15 error File: /Users/katiegaudin/Documents/Fundamentals/projectOne/package.json
16 error Failed to parse package.json data.
16 error package.json must be actual JSON, not just JavaScript.
16 error
16 error This is not a bug in npm.
16 error Tell the package author to fix their package.json file. JSON.parse
17 verbose exit [ 1, true ]
